<?xml version="1.0" encoding="UTF-8"?>
<testsuites name="jest tests" tests="20" failures="0" errors="0" time="10.022">
  <testsuite name="PSTfile tests" errors="0" failures="0" skipped="0" timestamp="2021-02-22T14:34:01" time="3.822" tests="1">
    <testcase classname="PSTfile tests should open the file" name="PSTfile tests should open the file" time="0.006">
    </testcase>
  </testsuite>
  <testsuite name="PSTObject tests" errors="0" failures="0" skipped="0" timestamp="2021-02-22T14:34:01" time="3.893" tests="1">
    <testcase classname="PSTObject tests should have basic attributes" name="PSTObject tests should have basic attributes" time="0.072">
    </testcase>
  </testsuite>
  <testsuite name="PSTMessage tests" errors="0" failures="0" skipped="0" timestamp="2021-02-22T14:34:01" time="3.976" tests="2">
    <testcase classname="PSTMessage tests should have email messages" name="PSTMessage tests should have email messages" time="0.041">
    </testcase>
    <testcase classname="PSTMessage tests should have email message which uses block skip points" name="PSTMessage tests should have email message which uses block skip points" time="0.02">
    </testcase>
  </testsuite>
  <testsuite name="PSTFolder tests" errors="0" failures="0" skipped="0" timestamp="2021-02-22T14:34:01" time="3.996" tests="2">
    <testcase classname="PSTFolder tests should have a root folder" name="PSTFolder tests should have a root folder" time="0.011">
    </testcase>
    <testcase classname="PSTFolder tests root folder should have sub folders" name="PSTFolder tests root folder should have sub folders" time="0.057">
    </testcase>
  </testsuite>
  <testsuite name="PSTRecipient tests" errors="0" failures="0" skipped="0" timestamp="2021-02-22T14:34:01" time="4.03" tests="1">
    <testcase classname="PSTRecipient tests should have email messages" name="PSTRecipient tests should have email messages" time="0.099">
    </testcase>
  </testsuite>
  <testsuite name="PSTTask tests" errors="0" failures="0" skipped="0" timestamp="2021-02-22T14:34:01" time="4.113" tests="2">
    <testcase classname="PSTTask tests should have a Tasks folder" name="PSTTask tests should have a Tasks folder" time="0.002">
    </testcase>
    <testcase classname="PSTTask tests should have two tasks" name="PSTTask tests should have two tasks" time="0.019">
    </testcase>
  </testsuite>
  <testsuite name="PSTActivity tests" errors="0" failures="0" skipped="0" timestamp="2021-02-22T14:34:01" time="4.093" tests="2">
    <testcase classname="PSTActivity tests should have a Journal folder" name="PSTActivity tests should have a Journal folder" time="0.003">
    </testcase>
    <testcase classname="PSTActivity tests root folder should have a journal entry" name="PSTActivity tests root folder should have a journal entry" time="0.012">
    </testcase>
  </testsuite>
  <testsuite name="PSTContact tests" errors="0" failures="0" skipped="0" timestamp="2021-02-22T14:34:01" time="4.161" tests="2">
    <testcase classname="PSTContact tests should have a Contact folder" name="PSTContact tests should have a Contact folder" time="0.002">
    </testcase>
    <testcase classname="PSTContact tests should have a contact with several fields" name="PSTContact tests should have a contact with several fields" time="0.046">
    </testcase>
  </testsuite>
  <testsuite name="PSTAppointment tests" errors="0" failures="0" skipped="0" timestamp="2021-02-22T14:34:01" time="4.19" tests="2">
    <testcase classname="PSTAppointment tests should have a Journal folder" name="PSTAppointment tests should have a Journal folder" time="0.002">
    </testcase>
    <testcase classname="PSTAppointment tests should have two calendar items" name="PSTAppointment tests should have two calendar items" time="0.019">
    </testcase>
  </testsuite>
  <testsuite name="PSTAttachment tests" errors="0" failures="0" skipped="0" timestamp="2021-02-22T14:34:01" time="4.561" tests="5">
    <testcase classname="PSTAttachment tests should have a contact with an attachment" name="PSTAttachment tests should have a contact with an attachment" time="0.157">
    </testcase>
    <testcase classname="PSTAttachment tests should have a task with an attachment" name="PSTAttachment tests should have a task with an attachment" time="0.09">
    </testcase>
    <testcase classname="PSTAttachment tests should have email with word attachment" name="PSTAttachment tests should have email with word attachment" time="0.096">
    </testcase>
    <testcase classname="PSTAttachment tests should have email with excel attachment" name="PSTAttachment tests should have email with excel attachment" time="0.097">
    </testcase>
    <testcase classname="PSTAttachment tests should have email with jpg attachment" name="PSTAttachment tests should have email with jpg attachment" time="0.098">
    </testcase>
  </testsuite>
</testsuites>